%FracLab 2.0 Log file

%-- 12/10/2005 15:39:32 --%
fBm0=fBmWoodChan(256,[0.5],1,1);

%-- 12/10/2005 15:39:54 --%
pht_fBm00=exposc3(fBm0,2.1,1,10,{'ls'});

%-- 12/10/2005 15:40:11 --%
pht_fBm01=exposc3(fBm0,2.1,1,10,{'ls'},128);

%-- 28/01/2006 21:56:35 --%
fBm0=fBmWoodChan(256,[0.5],1,1);

%-- 28/01/2006 21:56:57 --%
pht_fBm00=exposc3(fBm0,2.1,1,10,{'ls'},128);

%-- 30/01/2006 15:19:29 --%
fBm1=fBmWoodChan(256,[0.5],1,1);

%-- 30/01/2006 16:15:25 --%
fBm2=fBmWoodChan(4096,[0.5],1,1,2006);

%-- 30/01/2006 16:16:22 --%
fBm2_HDt0=DWTestim_all(fBm2,[],{'linf'},'daubechies',10,0,0,0.5,0,1,1,0,[1   2   3   4   5   6   7   8   9  10  11  12]);

%-- 01/02/2006 13:10:35 --%
N=128; t=linspace(0,1,128); Ht=eval('0.1+0.8*t');

%-- 01/02/2006 13:10:37 --%
mBm0=mBmQuantifKrigeage(128,10,Ht,1,1);

%-- 01/02/2006 13:10:43 --%
fBm0=fBmWoodChan(256,[0.5],1,1);

%-- 01/02/2006 13:10:51 --%
x = linspace(0,1,128); y = linspace(0,1,128); [X,Y]=meshgrid(x,y); f = inline('0.1+0.8*x.*y','x','y'); Hxy = f(X,Y);

%-- 01/02/2006 13:11:31 --%
x = linspace(0,1,128); y = linspace(0,1,128); [X,Y]=meshgrid(x,y); f = inline('0.1+0.8*x.*y','x','y'); Hxy = f(X,Y);

%-- 01/02/2006 13:15:37 --%
x = linspace(0,1,8); y = linspace(0,1,8); [X,Y]=meshgrid(x,y); f = inline('0.1+0.8*x.*y','x','y'); Hxy = f(X,Y);

%-- 01/02/2006 13:15:38 --%
mBm2D0=mBm2DQuantifKrigeage(8,25,Hxy);

%-- 01/02/2006 16:49:12 --%
fBm0=fBmWoodChan(256,[0.5],1,1);

%-- 01/02/2006 16:49:19 --%
interp_x1_fBm00=fracinterp(fBm0,2,8,1,'Triangle',1,0);

%-- 01/02/2006 16:54:23 --%
fBm1=fBmWoodChan(256,[0.5],1,1);

%-- 01/02/2006 16:54:30 --%
fBm2D0=synth2(128,0.5,'strfbm');

%-- 01/02/2006 16:54:39 --%
interp_x1_fBm2D00=fracinterp2d(fBm2D0,2,7,1,'Triangle',1,0);

%-- 01/02/2006 16:54:54 --%
interp_x1_fBm2D01=fracinterp2d(fBm2D0,2,7,1,'Triangle',1,0);

%-- 01/02/2006 16:55:01 --%
interp_x1_fBm10=fracinterp(fBm1,2,8,1,'Triangle',1,0);

%-- 02/02/2006 15:35:31 --%
fBm0=fBmWoodChan(256,[0.5],1,1);

%-- 02/02/2006 15:37:31 --%
fBm0_HDt0=DWTestim_all(fBm0,[],{'linf'},'daubechies',10,0,0,0.5,0,1,1,0,[2  3  4  5  6  7  8]);

%-- 02/02/2006 15:42:04 --%
fBm0_HDt1=DWTestim_all(fBm0,[],{'linf'},'daubechies',10,0,0,0.5,0,1,1,0,[1  2]);

%-- 02/02/2006 15:42:28 --%
fBm0_HDt2=DWTestim_all(fBm0,[],{'linf'},'daubechies',10,0,0,0.5,0,1,1,0,[1  2]);

%-- 09/02/2006 17:44:35 --%
GWei0=GeneWei(256,'t',2,1,1,50);

%-- 09/02/2006 17:50:25 --%
fBm0=fBmWoodChan(256,[0.5],1,1);

%-- 16/04/2007 01:57:50 --%
fBm0=fBmWoodChan(256,[0.5],1,1);

%-- 16/04/2007 01:58:00 --%
[dwt_fBm00.wt,dwt_fBm00.wti,dwt_fBm00.wtl,dwt_fBm00.size]=FWT(fBm0,[8],[0           9      0.1601     0.60383     0.72431     0.13843    -0.24229   -0.032245    0.077571  -0.0062415   -0.012581   0.0033357]);

%-- 16/04/2007 02:18:12 --%
fBm0=fBmWoodChan(256,[0.5],1,1);

%-- 16/04/2007 02:18:20 --%
[dwt_fBm00.wt,dwt_fBm00.wti,dwt_fBm00.wtl,dwt_fBm00.size]=FWT(fBm0,[8],[0           9      0.1601     0.60383     0.72431     0.13843    -0.24229   -0.032245    0.077571  -0.0062415   -0.012581   0.0033357]);

%-- 16/04/2007 02:26:21 --%
fBm0=fBmWoodChan(256,[0.5],1,1);

%-- 16/04/2007 02:26:28 --%
[dwt_fBm00.wt,dwt_fBm00.wti,dwt_fBm00.wtl,dwt_fBm00.size]=FWT(fBm0,[8],[0           9      0.1601     0.60383     0.72431     0.13843    -0.24229   -0.032245    0.077571  -0.0062415   -0.012581   0.0033357]);

%-- 22/02/2017 16:20:07 --%
x = linspace(0,1,128); y = linspace(0,1,128); [X,Y]=meshgrid(x,y); f = inline('0.3+0.3./(1+exp(-100*(x-0.7)))','x','y'); Hxy = f(X,Y);

%-- 22/02/2017 16:20:47 --%
mBm2D0=mBm2DQuantifKrigeage(128,25,Hxy);
